2020-01-22 03:20:48 [restartedMain] INFO  c.example.wdfrest.WdfRestApplication - Starting WdfRestApplication on DESKTOP-DHHVJA7 with PID 1492 (D:\Java\wdf\wdf-rest\target\classes started by And in D:\Java\wdf)
2020-01-22 03:20:48 [restartedMain] INFO  c.example.wdfrest.WdfRestApplication - No active profile set, falling back to default profiles: default
2020-01-22 03:20:49 [restartedMain] INFO  o.s.b.d.restart.ChangeableUrls - The Class-Path manifest attribute in C:\Users\And\.m2\repository\org\glassfish\jaxb\jaxb-runtime\2.3.2\jaxb-runtime-2.3.2.jar referenced one or more files that do not exist: file:/C:/Users/And/.m2/repository/org/glassfish/jaxb/jaxb-runtime/2.3.2/jakarta.xml.bind-api-2.3.2.jar,file:/C:/Users/And/.m2/repository/org/glassfish/jaxb/jaxb-runtime/2.3.2/txw2-2.3.2.jar,file:/C:/Users/And/.m2/repository/org/glassfish/jaxb/jaxb-runtime/2.3.2/istack-commons-runtime-3.0.8.jar,file:/C:/Users/And/.m2/repository/org/glassfish/jaxb/jaxb-runtime/2.3.2/stax-ex-1.8.1.jar,file:/C:/Users/And/.m2/repository/org/glassfish/jaxb/jaxb-runtime/2.3.2/FastInfoset-1.2.16.jar,file:/C:/Users/And/.m2/repository/org/glassfish/jaxb/jaxb-runtime/2.3.2/jakarta.activation-api-1.2.1.jar
2020-01-22 03:20:49 [restartedMain] INFO  o.s.b.d.e.DevToolsPropertyDefaultsPostProcessor - Devtools property defaults active! Set 'spring.devtools.add-properties' to 'false' to disable
2020-01-22 03:20:49 [restartedMain] INFO  o.s.b.d.e.DevToolsPropertyDefaultsPostProcessor - For additional web related logging consider setting the 'logging.level.web' property to 'DEBUG'
2020-01-22 03:20:53 [restartedMain] INFO  o.s.d.r.c.RepositoryConfigurationDelegate - Bootstrapping Spring Data JPA repositories in DEFAULT mode.
2020-01-22 03:20:53 [restartedMain] INFO  o.s.d.r.c.RepositoryConfigurationDelegate - Finished Spring Data repository scanning in 390ms. Found 8 JPA repository interfaces.
2020-01-22 03:20:56 [restartedMain] INFO  o.s.c.s.PostProcessorRegistrationDelegate$BeanPostProcessorChecker - Bean 'org.springframework.transaction.annotation.ProxyTransactionManagementConfiguration' of type [org.springframework.transaction.annotation.ProxyTransactionManagementConfiguration] is not eligible for getting processed by all BeanPostProcessors (for example: not eligible for auto-proxying)
2020-01-22 03:20:58 [restartedMain] INFO  o.s.b.w.e.tomcat.TomcatWebServer - Tomcat initialized with port(s): 8011 (http)
2020-01-22 03:20:58 [restartedMain] INFO  o.a.catalina.core.StandardService - Starting service [Tomcat]
2020-01-22 03:20:58 [restartedMain] INFO  o.a.catalina.core.StandardEngine - Starting Servlet engine: [Apache Tomcat/9.0.30]
2020-01-22 03:20:58 [restartedMain] INFO  o.a.c.c.C.[Tomcat].[localhost].[/] - Initializing Spring embedded WebApplicationContext
2020-01-22 03:20:58 [restartedMain] INFO  o.s.web.context.ContextLoader - Root WebApplicationContext: initialization completed in 9393 ms
2020-01-22 03:20:58 [restartedMain] WARN  o.s.b.a.o.j.JpaBaseConfiguration$JpaWebConfiguration - spring.jpa.open-in-view is enabled by default. Therefore, database queries may be performed during view rendering. Explicitly configure spring.jpa.open-in-view to disable this warning
2020-01-22 03:20:59 [restartedMain] INFO  o.h.jpa.internal.util.LogHelper - HHH000204: Processing PersistenceUnitInfo [name: default]
2020-01-22 03:21:00 [restartedMain] INFO  org.hibernate.Version - HHH000412: Hibernate Core {5.4.10.Final}
2020-01-22 03:21:00 [restartedMain] INFO  o.h.annotations.common.Version - HCANN000001: Hibernate Commons Annotations {5.1.0.Final}
2020-01-22 03:21:01 [restartedMain] INFO  com.zaxxer.hikari.HikariDataSource - HikariPool-1 - Starting...
2020-01-22 03:21:03 [restartedMain] INFO  com.zaxxer.hikari.HikariDataSource - HikariPool-1 - Start completed.
2020-01-22 03:21:03 [restartedMain] INFO  org.hibernate.dialect.Dialect - HHH000400: Using dialect: org.hibernate.dialect.MySQL8Dialect
2020-01-22 03:21:32 [restartedMain] INFO  o.h.e.t.j.p.i.JtaPlatformInitiator - HHH000490: Using JtaPlatform implementation: [org.hibernate.engine.transaction.jta.platform.internal.NoJtaPlatform]
2020-01-22 03:21:32 [restartedMain] INFO  o.s.o.j.LocalContainerEntityManagerFactoryBean - Initialized JPA EntityManagerFactory for persistence unit 'default'
2020-01-22 03:21:36 [restartedMain] INFO  o.s.b.d.a.OptionalLiveReloadServer - LiveReload server is running on port 35729
2020-01-22 03:21:39 [restartedMain] INFO  s.d.s.w.PropertySourcedRequestMappingHandlerMapping - Mapped URL path [/v2/api-docs] onto method [springfox.documentation.swagger2.web.Swagger2Controller#getDocumentation(String, HttpServletRequest)]
2020-01-22 03:21:41 [restartedMain] INFO  o.s.s.web.DefaultSecurityFilterChain - Creating filter chain: any request, [org.springframework.security.web.context.request.async.WebAsyncManagerIntegrationFilter@1322738, org.springframework.security.web.context.SecurityContextPersistenceFilter@af456f, org.springframework.security.web.header.HeaderWriterFilter@16bf49, org.springframework.security.web.authentication.logout.LogoutFilter@1407f24, com.example.wdfrest.security.JwtAuthenticationTokenFilter@73157c, org.springframework.security.web.savedrequest.RequestCacheAwareFilter@1158b33, org.springframework.security.web.servletapi.SecurityContextHolderAwareRequestFilter@1d18f08, org.springframework.security.web.authentication.AnonymousAuthenticationFilter@48a3b, org.springframework.security.web.session.SessionManagementFilter@346e59, org.springframework.security.web.access.ExceptionTranslationFilter@1a0442e, org.springframework.security.web.access.intercept.FilterSecurityInterceptor@32f6e7]
2020-01-22 03:21:42 [restartedMain] INFO  o.s.s.c.ThreadPoolTaskExecutor - Initializing ExecutorService 'applicationTaskExecutor'
2020-01-22 03:21:42 [restartedMain] WARN  o.s.b.a.t.ThymeleafAutoConfiguration$DefaultTemplateResolverConfiguration - Cannot find template location: classpath:/templates/ (please add some templates or check your Thymeleaf configuration)
2020-01-22 03:21:43 [restartedMain] INFO  s.d.s.w.p.DocumentationPluginsBootstrapper - Context refreshed
2020-01-22 03:21:43 [restartedMain] INFO  s.d.s.w.p.DocumentationPluginsBootstrapper - Found 1 custom documentation plugin(s)
2020-01-22 03:21:43 [restartedMain] INFO  s.d.s.w.s.ApiListingReferenceScanner - Scanning for api listing references
2020-01-22 03:21:43 [restartedMain] INFO  o.s.b.w.e.tomcat.TomcatWebServer - Tomcat started on port(s): 8011 (http) with context path ''
2020-01-22 03:21:43 [restartedMain] INFO  c.example.wdfrest.WdfRestApplication - Started WdfRestApplication in 58.095 seconds (JVM running for 61.188)
